0 info it worked if it ends with ok
1 verbose cli [ 'C:\\Program Files\\nodejs\\node.exe',
1 verbose cli   'C:\\Program Files\\nodejs\\node_modules\\npm\\bin\\npm-cli.js',
1 verbose cli   'run',
1 verbose cli   'build' ]
2 info using npm@3.10.3
3 info using node@v6.3.1
4 verbose run-script [ 'prebuild', 'build', 'postbuild' ]
5 info lifecycle jquery-datetimepicker@2.5.3~prebuild: jquery-datetimepicker@2.5.3
6 silly lifecycle jquery-datetimepicker@2.5.3~prebuild: no script for prebuild, continuing
7 info lifecycle jquery-datetimepicker@2.5.3~build: jquery-datetimepicker@2.5.3
8 verbose lifecycle jquery-datetimepicker@2.5.3~build: unsafe-perm in lifecycle true
9 verbose lifecycle jquery-datetimepicker@2.5.3~build: PATH: C:\Program Files\nodejs\node_modules\npm\bin\node-gyp-bin;C:\xampp\htdocs\Barangay-Information-System\node_modules\.bin;C:\Program Files\nodejs;C:\Program Files\Git\cmd;C:\PROGRAM FILES\COMMON FILES\MICROSOFT SHARED\WINDOWS LIVE;C:\Windows\SYSTEM32;C:\Windows;C:\Windows\SYSTEM32\WBEM;C:\Windows\SYSTEM32\WINDOWSPOWERSHELL\V1.0\;C:\PROGRAM FILES\WINDOWS LIVE\SHARED;C:\PROGRAM FILES\COMMON FILES\ULEAD SYSTEMS\MPEG;C:\Program Files\Windows Kits\8.1\Windows Performance Toolkit\;C:\Program Files\Microsoft SQL Server\110\Tools\Binn\;c:\Program Files\Microsoft SQL Server\100\Tools\Binn\;c:\Program Files\Microsoft SQL Server\100\DTS\Binn\;C:\Program Files\Common Files\lenovo\easyplussdk\bin;C:\Program Files\nodejs\;C:\Program Files\Git\cmd;C:\Users\Gema\AppData\Roaming\npm
10 verbose lifecycle jquery-datetimepicker@2.5.3~build: CWD: C:\xampp\htdocs\Barangay-Information-System
11 silly lifecycle jquery-datetimepicker@2.5.3~build: Args: [ '/d /s /c',
11 silly lifecycle   'npm run minify && npm run concat && npm run minifyconcat' ]
12 silly lifecycle jquery-datetimepicker@2.5.3~build: Returned: code: 1  signal: null
13 info lifecycle jquery-datetimepicker@2.5.3~build: Failed to exec build script
14 verbose stack Error: jquery-datetimepicker@2.5.3 build: `npm run minify && npm run concat && npm run minifyconcat`
14 verbose stack Exit status 1
14 verbose stack     at EventEmitter.<anonymous> (C:\Program Files\nodejs\node_modules\npm\lib\utils\lifecycle.js:242:16)
14 verbose stack     at emitTwo (events.js:106:13)
14 verbose stack     at EventEmitter.emit (events.js:191:7)
14 verbose stack     at ChildProcess.<anonymous> (C:\Program Files\nodejs\node_modules\npm\lib\utils\spawn.js:40:14)
14 verbose stack     at emitTwo (events.js:106:13)
14 verbose stack     at ChildProcess.emit (events.js:191:7)
14 verbose stack     at maybeClose (internal/child_process.js:852:16)
14 verbose stack     at Process.ChildProcess._handle.onexit (internal/child_process.js:215:5)
15 verbose pkgid jquery-datetimepicker@2.5.3
16 verbose cwd C:\xampp\htdocs\Barangay-Information-System
17 error Windows_NT 6.1.7601
18 error argv "C:\\Program Files\\nodejs\\node.exe" "C:\\Program Files\\nodejs\\node_modules\\npm\\bin\\npm-cli.js" "run" "build"
19 error node v6.3.1
20 error npm  v3.10.3
21 error code ELIFECYCLE
22 error jquery-datetimepicker@2.5.3 build: `npm run minify && npm run concat && npm run minifyconcat`
22 error Exit status 1
23 error Failed at the jquery-datetimepicker@2.5.3 build script 'npm run minify && npm run concat && npm run minifyconcat'.
23 error Make sure you have the latest version of node.js and npm installed.
23 error If you do, this is most likely a problem with the jquery-datetimepicker package,
23 error not with npm itself.
23 error Tell the author that this fails on your system:
23 error     npm run minify && npm run concat && npm run minifyconcat
23 error You can get information on how to open an issue for this project with:
23 error     npm bugs jquery-datetimepicker
23 error Or if that isn't available, you can get their info via:
23 error     npm owner ls jquery-datetimepicker
23 error There is likely additional logging output above.
24 verbose exit [ 1, true ]
